        -:    0:Source:/home/deepin/Documents/C-Learning/函数/main.c
        -:    0:Graph:/home/deepin/Documents/C-Learning/函数/cmake-build-debug-/CMakeFiles/C.dir/main.c.gcno
        -:    0:Data:/home/deepin/Documents/C-Learning/函数/cmake-build-debug-/CMakeFiles/C.dir/main.c.gcda
        -:    0:Runs:1
        -:    0:Programs:1
        -:    1:#include <stdio.h>
        1:    2:int main(){
        -:    3:    int n, a ;
        1:    4:    scanf("%d%d", &n, &a);
        1:    4-block  0
       1*:    5:    if (n==2 && (a == 1 || a == 3))
        1:    5-block  0
    %%%%%:    5-block  1
        1:    6:        puts("hhh");
        1:    6-block  0
        -:    7:}
